{
  "uid" : "2770724c6b36a70b",
  "name" : "Checkout and Verify Order",
  "fullName" : "Checkout Tests.Checkout and Verify Order",
  "historyId" : "d2442014965172611f2177adc1dc1158",
  "time" : {
    "start" : 1590570808559,
    "stop" : 1590570819037,
    "duration" : 10478
  },
  "description" : "",
  "descriptionHtml" : "",
  "status" : "broken",
  "statusMessage" : "Evaluation failed: DOMException: Failed to execute 'evaluate' on 'Document': The string '///h1[@innertext=\"Faded Short Sleeve T-shirts\"]' is not a valid XPath expression.\n                    at __puppeteer_evaluation_script__:3:39",
  "statusTrace" : "Evaluation failed: DOMException: Failed to execute 'evaluate' on 'Document': The string '///h1[@innertext=\"Faded Short Sleeve T-shirts\"]' is not a valid XPath expression.\n                    at __puppeteer_evaluation_script__:3:39\n                    at Frame.<anonymous> (C:\\Users\\CPANDITH\\Desktop\\GFK\\AutomationTest\\node_modules\\puppeteer-core\\lib\\helper.js:94:19)\n                    at Page.$x (C:\\Users\\CPANDITH\\Desktop\\GFK\\AutomationTest\\node_modules\\puppeteer-core\\lib\\Page.js:266:33)\n                    at Page.<anonymous> (C:\\Users\\CPANDITH\\Desktop\\GFK\\AutomationTest\\node_modules\\puppeteer-core\\lib\\helper.js:95:27)\n                    at DevToolsDriver.findElement (C:\\Users\\CPANDITH\\Desktop\\GFK\\AutomationTest\\node_modules\\devtools\\build\\utils.js:103:50)\n                    at DevToolsDriver.findElement (C:\\Users\\CPANDITH\\Desktop\\GFK\\AutomationTest\\node_modules\\devtools\\build\\commands\\findElement.js:29:29)\n                    at Browser.wrappedCommand (C:\\Users\\CPANDITH\\Desktop\\GFK\\AutomationTest\\node_modules\\devtools\\build\\devtoolsdriver.js:92:47)\n                    at processTicksAndRejections (internal/process/task_queues.js:89:5)\n                    at Browser.$ (C:\\Users\\CPANDITH\\Desktop\\GFK\\AutomationTest\\node_modules\\webdriverio\\build\\commands\\browser\\$.js:19:15)\n                    at Browser.runCommandWithHooks (C:\\Users\\CPANDITH\\Desktop\\GFK\\AutomationTest\\node_modules\\@wdio\\sync\\build\\wrapCommand.js:88:21)\n                    at Browser.runCommandWithHooks (C:\\Users\\CPANDITH\\Desktop\\GFK\\AutomationTest\\node_modules\\@wdio\\sync\\build\\wrapCommand.js:82:22)\n                    at Browser.wrapCommandFn (C:\\Users\\CPANDITH\\Desktop\\GFK\\AutomationTest\\node_modules\\@wdio\\sync\\build\\wrapCommand.js:59:40)\n                    at $ (C:\\Users\\CPANDITH\\Desktop\\GFK\\AutomationTest\\node_modules\\@wdio\\runner\\build\\index.js:189:36)\n                    at ProductDescriptionPage.productName (C:\\Users\\CPANDITH\\Desktop\\GFK\\AutomationTest\\UI\\PageObjects\\/ProductDescriptionPage.js:4:32)\n                    at ProductDescriptionPage.getProductNameOnPage (C:\\Users\\CPANDITH\\Desktop\\GFK\\AutomationTest\\UI\\PageObjects\\/ProductDescriptionPage.js:9:14)\n                    at World.<anonymous> (C:\\Users\\CPANDITH\\Desktop\\GFK\\AutomationTest\\UI\\Steps\\/ProductDescriptionPage_Steps.js:8:51)\n                    at World.executeSync (C:\\Users\\CPANDITH\\Desktop\\GFK\\AutomationTest\\node_modules\\@wdio\\sync\\build\\index.js:56:18)\n                    at C:\\Users\\CPANDITH\\Desktop\\GFK\\AutomationTest\\node_modules\\@wdio\\sync\\build\\index.js:82:70",
  "flaky" : false,
  "newFailed" : false,
  "beforeStages" : [ ],
  "testStage" : {
    "status" : "broken",
    "statusMessage" : "Evaluation failed: DOMException: Failed to execute 'evaluate' on 'Document': The string '///h1[@innertext=\"Faded Short Sleeve T-shirts\"]' is not a valid XPath expression.\n                    at __puppeteer_evaluation_script__:3:39",
    "statusTrace" : "Evaluation failed: DOMException: Failed to execute 'evaluate' on 'Document': The string '///h1[@innertext=\"Faded Short Sleeve T-shirts\"]' is not a valid XPath expression.\n                    at __puppeteer_evaluation_script__:3:39\n                    at Frame.<anonymous> (C:\\Users\\CPANDITH\\Desktop\\GFK\\AutomationTest\\node_modules\\puppeteer-core\\lib\\helper.js:94:19)\n                    at Page.$x (C:\\Users\\CPANDITH\\Desktop\\GFK\\AutomationTest\\node_modules\\puppeteer-core\\lib\\Page.js:266:33)\n                    at Page.<anonymous> (C:\\Users\\CPANDITH\\Desktop\\GFK\\AutomationTest\\node_modules\\puppeteer-core\\lib\\helper.js:95:27)\n                    at DevToolsDriver.findElement (C:\\Users\\CPANDITH\\Desktop\\GFK\\AutomationTest\\node_modules\\devtools\\build\\utils.js:103:50)\n                    at DevToolsDriver.findElement (C:\\Users\\CPANDITH\\Desktop\\GFK\\AutomationTest\\node_modules\\devtools\\build\\commands\\findElement.js:29:29)\n                    at Browser.wrappedCommand (C:\\Users\\CPANDITH\\Desktop\\GFK\\AutomationTest\\node_modules\\devtools\\build\\devtoolsdriver.js:92:47)\n                    at processTicksAndRejections (internal/process/task_queues.js:89:5)\n                    at Browser.$ (C:\\Users\\CPANDITH\\Desktop\\GFK\\AutomationTest\\node_modules\\webdriverio\\build\\commands\\browser\\$.js:19:15)\n                    at Browser.runCommandWithHooks (C:\\Users\\CPANDITH\\Desktop\\GFK\\AutomationTest\\node_modules\\@wdio\\sync\\build\\wrapCommand.js:88:21)\n                    at Browser.runCommandWithHooks (C:\\Users\\CPANDITH\\Desktop\\GFK\\AutomationTest\\node_modules\\@wdio\\sync\\build\\wrapCommand.js:82:22)\n                    at Browser.wrapCommandFn (C:\\Users\\CPANDITH\\Desktop\\GFK\\AutomationTest\\node_modules\\@wdio\\sync\\build\\wrapCommand.js:59:40)\n                    at $ (C:\\Users\\CPANDITH\\Desktop\\GFK\\AutomationTest\\node_modules\\@wdio\\runner\\build\\index.js:189:36)\n                    at ProductDescriptionPage.productName (C:\\Users\\CPANDITH\\Desktop\\GFK\\AutomationTest\\UI\\PageObjects\\/ProductDescriptionPage.js:4:32)\n                    at ProductDescriptionPage.getProductNameOnPage (C:\\Users\\CPANDITH\\Desktop\\GFK\\AutomationTest\\UI\\PageObjects\\/ProductDescriptionPage.js:9:14)\n                    at World.<anonymous> (C:\\Users\\CPANDITH\\Desktop\\GFK\\AutomationTest\\UI\\Steps\\/ProductDescriptionPage_Steps.js:8:51)\n                    at World.executeSync (C:\\Users\\CPANDITH\\Desktop\\GFK\\AutomationTest\\node_modules\\@wdio\\sync\\build\\index.js:56:18)\n                    at C:\\Users\\CPANDITH\\Desktop\\GFK\\AutomationTest\\node_modules\\@wdio\\sync\\build\\index.js:82:70",
    "steps" : [ {
      "name" : "Given I Naviate to Home Page",
      "time" : {
        "start" : 1590570808564,
        "stop" : 1590570811834,
        "duration" : 3270
      },
      "status" : "passed",
      "steps" : [ ],
      "attachments" : [ ],
      "parameters" : [ ],
      "attachmentsCount" : 0,
      "shouldDisplayMessage" : false,
      "hasContent" : false,
      "stepsCount" : 0
    }, {
      "name" : "When I Click SignIn Button",
      "time" : {
        "start" : 1590570811834,
        "stop" : 1590570811947,
        "duration" : 113
      },
      "status" : "passed",
      "steps" : [ ],
      "attachments" : [ ],
      "parameters" : [ ],
      "attachmentsCount" : 0,
      "shouldDisplayMessage" : false,
      "hasContent" : false,
      "stepsCount" : 0
    }, {
      "name" : "Then I Populate Registered Customer Credentials",
      "time" : {
        "start" : 1590570811948,
        "stop" : 1590570813547,
        "duration" : 1599
      },
      "status" : "passed",
      "steps" : [ ],
      "attachments" : [ ],
      "parameters" : [ ],
      "attachmentsCount" : 0,
      "shouldDisplayMessage" : false,
      "hasContent" : false,
      "stepsCount" : 0
    }, {
      "name" : "Then I Click Signin Button",
      "time" : {
        "start" : 1590570813547,
        "stop" : 1590570813674,
        "duration" : 127
      },
      "status" : "passed",
      "steps" : [ ],
      "attachments" : [ ],
      "parameters" : [ ],
      "attachmentsCount" : 0,
      "shouldDisplayMessage" : false,
      "hasContent" : false,
      "stepsCount" : 0
    }, {
      "name" : "Then I Verify Customer Name on Header",
      "time" : {
        "start" : 1590570813674,
        "stop" : 1590570814944,
        "duration" : 1270
      },
      "status" : "passed",
      "steps" : [ ],
      "attachments" : [ ],
      "parameters" : [ ],
      "attachmentsCount" : 0,
      "shouldDisplayMessage" : false,
      "hasContent" : false,
      "stepsCount" : 0
    }, {
      "name" : "Then I Click Woman Category Tab",
      "time" : {
        "start" : 1590570814944,
        "stop" : 1590570814994,
        "duration" : 50
      },
      "status" : "passed",
      "steps" : [ ],
      "attachments" : [ ],
      "parameters" : [ ],
      "attachmentsCount" : 0,
      "shouldDisplayMessage" : false,
      "hasContent" : false,
      "stepsCount" : 0
    }, {
      "name" : "Then I Select Product with name Faded Short Sleeve T-shirts",
      "time" : {
        "start" : 1590570814994,
        "stop" : 1590570817530,
        "duration" : 2536
      },
      "status" : "passed",
      "steps" : [ ],
      "attachments" : [ ],
      "parameters" : [ ],
      "attachmentsCount" : 0,
      "shouldDisplayMessage" : false,
      "hasContent" : false,
      "stepsCount" : 0
    }, {
      "name" : "Then I Verify Product Description Page is Displayed",
      "time" : {
        "start" : 1590570817531,
        "stop" : 1590570819036,
        "duration" : 1505
      },
      "status" : "broken",
      "statusMessage" : "Evaluation failed: DOMException: Failed to execute 'evaluate' on 'Document': The string '///h1[@innertext=\"Faded Short Sleeve T-shirts\"]' is not a valid XPath expression.\n                    at __puppeteer_evaluation_script__:3:39\n                    at Frame.<anonymous> (C:\\Users\\CPANDITH\\Desktop\\GFK\\AutomationTest\\node_modules\\puppeteer-core\\lib\\helper.js:94:19)\n                    at Page.$x (C:\\Users\\CPANDITH\\Desktop\\GFK\\AutomationTest\\node_modules\\puppeteer-core\\lib\\Page.js:266:33)\n                    at Page.<anonymous> (C:\\Users\\CPANDITH\\Desktop\\GFK\\AutomationTest\\node_modules\\puppeteer-core\\lib\\helper.js:95:27)\n                    at DevToolsDriver.findElement (C:\\Users\\CPANDITH\\Desktop\\GFK\\AutomationTest\\node_modules\\devtools\\build\\utils.js:103:50)\n                    at DevToolsDriver.findElement (C:\\Users\\CPANDITH\\Desktop\\GFK\\AutomationTest\\node_modules\\devtools\\build\\commands\\findElement.js:29:29)\n                    at Browser.wrappedCommand (C:\\Users\\CPANDITH\\Desktop\\GFK\\AutomationTest\\node_modules\\devtools\\build\\devtoolsdriver.js:92:47)\n                    at processTicksAndRejections (internal/process/task_queues.js:89:5)\n                    at Browser.$ (C:\\Users\\CPANDITH\\Desktop\\GFK\\AutomationTest\\node_modules\\webdriverio\\build\\commands\\browser\\$.js:19:15)\n                    at Browser.runCommandWithHooks (C:\\Users\\CPANDITH\\Desktop\\GFK\\AutomationTest\\node_modules\\@wdio\\sync\\build\\wrapCommand.js:88:21)\n                    at Browser.runCommandWithHooks (C:\\Users\\CPANDITH\\Desktop\\GFK\\AutomationTest\\node_modules\\@wdio\\sync\\build\\wrapCommand.js:82:22)\n                    at Browser.wrapCommandFn (C:\\Users\\CPANDITH\\Desktop\\GFK\\AutomationTest\\node_modules\\@wdio\\sync\\build\\wrapCommand.js:59:40)\n                    at $ (C:\\Users\\CPANDITH\\Desktop\\GFK\\AutomationTest\\node_modules\\@wdio\\runner\\build\\index.js:189:36)\n                    at ProductDescriptionPage.productName (C:\\Users\\CPANDITH\\Desktop\\GFK\\AutomationTest\\UI\\PageObjects\\/ProductDescriptionPage.js:4:32)\n                    at ProductDescriptionPage.getProductNameOnPage (C:\\Users\\CPANDITH\\Desktop\\GFK\\AutomationTest\\UI\\PageObjects\\/ProductDescriptionPage.js:9:14)\n                    at World.<anonymous> (C:\\Users\\CPANDITH\\Desktop\\GFK\\AutomationTest\\UI\\Steps\\/ProductDescriptionPage_Steps.js:8:51)\n                    at World.executeSync (C:\\Users\\CPANDITH\\Desktop\\GFK\\AutomationTest\\node_modules\\@wdio\\sync\\build\\index.js:56:18)\n                    at C:\\Users\\CPANDITH\\Desktop\\GFK\\AutomationTest\\node_modules\\@wdio\\sync\\build\\index.js:82:70",
      "steps" : [ ],
      "attachments" : [ ],
      "parameters" : [ ],
      "attachmentsCount" : 0,
      "shouldDisplayMessage" : true,
      "hasContent" : true,
      "stepsCount" : 0
    }, {
      "name" : "Then I Add Product to Kart",
      "time" : {
        "start" : 1590570819037,
        "stop" : 1590570819037,
        "duration" : 0
      },
      "status" : "skipped",
      "steps" : [ ],
      "attachments" : [ ],
      "parameters" : [ ],
      "attachmentsCount" : 0,
      "shouldDisplayMessage" : false,
      "hasContent" : false,
      "stepsCount" : 0
    }, {
      "name" : "Then I Click Proceed to Checkout Button On Product Description Page",
      "time" : {
        "start" : 1590570819038,
        "stop" : 1590570819038,
        "duration" : 0
      },
      "status" : "skipped",
      "steps" : [ ],
      "attachments" : [ ],
      "parameters" : [ ],
      "attachmentsCount" : 0,
      "shouldDisplayMessage" : false,
      "hasContent" : false,
      "stepsCount" : 0
    }, {
      "name" : "Then I Click Proceed to Checkout Button On Shopping Cart Page",
      "time" : {
        "start" : 1590570819038,
        "stop" : 1590570819038,
        "duration" : 0
      },
      "status" : "skipped",
      "steps" : [ ],
      "attachments" : [ ],
      "parameters" : [ ],
      "attachmentsCount" : 0,
      "shouldDisplayMessage" : false,
      "hasContent" : false,
      "stepsCount" : 0
    }, {
      "name" : "Then I Click Proceed to Checkout Button On Addresses Page",
      "time" : {
        "start" : 1590570819038,
        "stop" : 1590570819038,
        "duration" : 0
      },
      "status" : "skipped",
      "steps" : [ ],
      "attachments" : [ ],
      "parameters" : [ ],
      "attachmentsCount" : 0,
      "shouldDisplayMessage" : false,
      "hasContent" : false,
      "stepsCount" : 0
    }, {
      "name" : "Then I Click on Terms and Conditions CheckBox On Shipping Page",
      "time" : {
        "start" : 1590570819038,
        "stop" : 1590570819038,
        "duration" : 0
      },
      "status" : "skipped",
      "steps" : [ ],
      "attachments" : [ ],
      "parameters" : [ ],
      "attachmentsCount" : 0,
      "shouldDisplayMessage" : false,
      "hasContent" : false,
      "stepsCount" : 0
    }, {
      "name" : "Then I Click Proceed to Checkout Button On Shipping Page",
      "time" : {
        "start" : 1590570819038,
        "stop" : 1590570819039,
        "duration" : 1
      },
      "status" : "skipped",
      "steps" : [ ],
      "attachments" : [ ],
      "parameters" : [ ],
      "attachmentsCount" : 0,
      "shouldDisplayMessage" : false,
      "hasContent" : false,
      "stepsCount" : 0
    }, {
      "name" : "Then I Select Pay By Wire Option on Payment Page",
      "time" : {
        "start" : 1590570819039,
        "stop" : 1590570819039,
        "duration" : 0
      },
      "status" : "skipped",
      "steps" : [ ],
      "attachments" : [ ],
      "parameters" : [ ],
      "attachmentsCount" : 0,
      "shouldDisplayMessage" : false,
      "hasContent" : false,
      "stepsCount" : 0
    }, {
      "name" : "Then I Click I Confirm My Order Button On Payment Page",
      "time" : {
        "start" : 1590570819039,
        "stop" : 1590570819039,
        "duration" : 0
      },
      "status" : "skipped",
      "steps" : [ ],
      "attachments" : [ ],
      "parameters" : [ ],
      "attachmentsCount" : 0,
      "shouldDisplayMessage" : false,
      "hasContent" : false,
      "stepsCount" : 0
    }, {
      "name" : "Then I Verify that Order Confirmation Page is Displayed",
      "time" : {
        "start" : 1590570819039,
        "stop" : 1590570819039,
        "duration" : 0
      },
      "status" : "skipped",
      "steps" : [ ],
      "attachments" : [ ],
      "parameters" : [ ],
      "attachmentsCount" : 0,
      "shouldDisplayMessage" : false,
      "hasContent" : false,
      "stepsCount" : 0
    }, {
      "name" : "Then I Verify that Order is Complete Text is Displayed",
      "time" : {
        "start" : 1590570819039,
        "stop" : 1590570819039,
        "duration" : 0
      },
      "status" : "skipped",
      "steps" : [ ],
      "attachments" : [ ],
      "parameters" : [ ],
      "attachmentsCount" : 0,
      "shouldDisplayMessage" : false,
      "hasContent" : false,
      "stepsCount" : 0
    } ],
    "attachments" : [ ],
    "parameters" : [ ],
    "attachmentsCount" : 0,
    "shouldDisplayMessage" : true,
    "hasContent" : true,
    "stepsCount" : 18
  },
  "afterStages" : [ ],
  "labels" : [ {
    "name" : "framework",
    "value" : "wdio"
  }, {
    "name" : "language",
    "value" : "javascript"
  }, {
    "name" : "thread",
    "value" : "0-0"
  }, {
    "name" : "suite",
    "value" : "Checkout Tests"
  }, {
    "name" : "testClass",
    "value" : "Checkout Tests"
  }, {
    "name" : "testMethod",
    "value" : "Checkout and Verify Order"
  }, {
    "name" : "package",
    "value" : "Checkout Tests"
  }, {
    "name" : "resultFormat",
    "value" : "allure1"
  } ],
  "parameters" : [ {
    "name" : "browser",
    "value" : "Chrome-10.0.17763"
  } ],
  "links" : [ ],
  "hidden" : true,
  "retry" : true,
  "extra" : {
    "categories" : [ ],
    "tags" : [ ]
  },
  "source" : "2770724c6b36a70b.json",
  "parameterValues" : [ "Chrome-10.0.17763" ]
}